2024-25-06 04:55:20 |       Force | Current Logging Level : Trace
2024-25-06 04:55:20 |        None |  Test Log Message For : Not Specified
2024-25-06 04:55:20 |       Force |  Test Log Message For : Force
2024-25-06 04:55:20 |        None |  Test Log Message For : None
2024-25-06 04:55:20 |    Critical |  Test Log Message For : Critical
2024-25-06 04:55:20 |       Error |  Test Log Message For : Error
2024-25-06 04:55:20 |     Warning |  Test Log Message For : Warning
2024-25-06 04:55:20 | Information |  Test Log Message For : Information
2024-25-06 04:55:20 |       Debug |  Test Log Message For : Debug
2024-25-06 04:55:21 |     Verbose |  Test Log Message For : Verbose
2024-25-06 04:55:21 |       Trace |  Test Log Message For : Trace
2024-25-06 04:59:58 |       Force | Current Logging Level : Force
2024-25-06 04:59:58 |       Force |  Test Log Message For : Force
2024-25-06 04:59:58 |       Force | Current Logging Level : None
2024-25-06 04:59:58 |        None |  Test Log Message For : Not Specified
2024-25-06 04:59:58 |       Force |  Test Log Message For : Force
2024-25-06 04:59:58 |        None |  Test Log Message For : None
2024-25-06 04:59:58 |       Force | Current Logging Level : Critical
2024-25-06 04:59:58 |        None |  Test Log Message For : Not Specified
2024-25-06 04:59:58 |       Force |  Test Log Message For : Force
2024-25-06 04:59:58 |        None |  Test Log Message For : None
2024-25-06 04:59:58 |    Critical |  Test Log Message For : Critical
2024-25-06 04:59:58 |       Force | Current Logging Level : Error
2024-25-06 04:59:58 |        None |  Test Log Message For : Not Specified
2024-25-06 04:59:58 |       Force |  Test Log Message For : Force
2024-25-06 04:59:58 |        None |  Test Log Message For : None
2024-25-06 04:59:58 |    Critical |  Test Log Message For : Critical
2024-25-06 04:59:58 |       Error |  Test Log Message For : Error
2024-25-06 04:59:58 |       Force | Current Logging Level : Warning
2024-25-06 04:59:58 |        None |  Test Log Message For : Not Specified
2024-25-06 04:59:58 |       Force |  Test Log Message For : Force
2024-25-06 04:59:58 |        None |  Test Log Message For : None
2024-25-06 04:59:58 |    Critical |  Test Log Message For : Critical
2024-25-06 04:59:58 |       Error |  Test Log Message For : Error
2024-25-06 04:59:58 |     Warning |  Test Log Message For : Warning
2024-25-06 04:59:58 |       Force | Current Logging Level : Debug
2024-25-06 04:59:58 |        None |  Test Log Message For : Not Specified
2024-25-06 04:59:58 |       Force |  Test Log Message For : Force
2024-25-06 04:59:58 |        None |  Test Log Message For : None
2024-25-06 04:59:58 |    Critical |  Test Log Message For : Critical
2024-25-06 04:59:58 |       Error |  Test Log Message For : Error
2024-25-06 04:59:58 |     Warning |  Test Log Message For : Warning
2024-25-06 04:59:58 | Information |  Test Log Message For : Information
2024-25-06 04:59:58 |       Debug |  Test Log Message For : Debug
2024-25-06 04:59:58 |       Force | Current Logging Level : Verbose
2024-25-06 04:59:58 |        None |  Test Log Message For : Not Specified
2024-25-06 04:59:58 |       Force |  Test Log Message For : Force
2024-25-06 04:59:58 |        None |  Test Log Message For : None
2024-25-06 04:59:58 |    Critical |  Test Log Message For : Critical
2024-25-06 04:59:58 |       Error |  Test Log Message For : Error
2024-25-06 04:59:58 |     Warning |  Test Log Message For : Warning
2024-25-06 04:59:58 | Information |  Test Log Message For : Information
2024-25-06 04:59:58 |       Debug |  Test Log Message For : Debug
2024-25-06 04:59:58 |     Verbose |  Test Log Message For : Verbose
2024-25-06 04:59:58 |       Force | Current Logging Level : Trace
2024-25-06 04:59:58 |        None |  Test Log Message For : Not Specified
2024-25-06 04:59:58 |       Force |  Test Log Message For : Force
2024-25-06 04:59:58 |        None |  Test Log Message For : None
2024-25-06 04:59:59 |    Critical |  Test Log Message For : Critical
2024-25-06 04:59:59 |       Error |  Test Log Message For : Error
2024-25-06 04:59:59 |     Warning |  Test Log Message For : Warning
2024-25-06 04:59:59 | Information |  Test Log Message For : Information
2024-25-06 04:59:59 |       Debug |  Test Log Message For : Debug
2024-25-06 04:59:59 |     Verbose |  Test Log Message For : Verbose
2024-25-06 04:59:59 |       Trace |  Test Log Message For : Trace
2024-25-06 05:02:00 |       Force |  Test Log Message For : Force
2024-25-06 05:02:00 |        None |  Test Log Message For : Not Specified
2024-25-06 05:02:00 |       Force |  Test Log Message For : Force
2024-25-06 05:02:00 |        None |  Test Log Message For : None
2024-25-06 05:02:00 |        None |  Test Log Message For : Not Specified
2024-25-06 05:02:00 |       Force |  Test Log Message For : Force
2024-25-06 05:02:00 |        None |  Test Log Message For : None
2024-25-06 05:02:00 |    Critical |  Test Log Message For : Critical
2024-25-06 05:02:00 |        None |  Test Log Message For : Not Specified
2024-25-06 05:02:00 |       Force |  Test Log Message For : Force
2024-25-06 05:02:00 |        None |  Test Log Message For : None
2024-25-06 05:02:00 |    Critical |  Test Log Message For : Critical
2024-25-06 05:02:00 |       Error |  Test Log Message For : Error
2024-25-06 05:02:00 |        None |  Test Log Message For : Not Specified
2024-25-06 05:02:00 |       Force |  Test Log Message For : Force
2024-25-06 05:02:00 |        None |  Test Log Message For : None
2024-25-06 05:02:00 |    Critical |  Test Log Message For : Critical
2024-25-06 05:02:00 |       Error |  Test Log Message For : Error
2024-25-06 05:02:00 |     Warning |  Test Log Message For : Warning
2024-25-06 05:02:00 |        None |  Test Log Message For : Not Specified
2024-25-06 05:02:00 |       Force |  Test Log Message For : Force
2024-25-06 05:02:00 |        None |  Test Log Message For : None
2024-25-06 05:02:00 |    Critical |  Test Log Message For : Critical
2024-25-06 05:02:00 |       Error |  Test Log Message For : Error
2024-25-06 05:02:00 |     Warning |  Test Log Message For : Warning
2024-25-06 05:02:00 | Information |  Test Log Message For : Information
2024-25-06 05:02:00 |       Debug |  Test Log Message For : Debug
2024-25-06 05:02:00 |        None |  Test Log Message For : Not Specified
2024-25-06 05:02:00 |       Force |  Test Log Message For : Force
2024-25-06 05:02:00 |        None |  Test Log Message For : None
2024-25-06 05:02:00 |    Critical |  Test Log Message For : Critical
2024-25-06 05:02:00 |       Error |  Test Log Message For : Error
2024-25-06 05:02:00 |     Warning |  Test Log Message For : Warning
2024-25-06 05:02:00 | Information |  Test Log Message For : Information
2024-25-06 05:02:00 |       Debug |  Test Log Message For : Debug
2024-25-06 05:02:00 |     Verbose |  Test Log Message For : Verbose
2024-25-06 05:02:00 |        None |  Test Log Message For : Not Specified
2024-25-06 05:02:00 |       Force |  Test Log Message For : Force
2024-25-06 05:02:00 |        None |  Test Log Message For : None
2024-25-06 05:02:00 |    Critical |  Test Log Message For : Critical
2024-25-06 05:02:00 |       Error |  Test Log Message For : Error
2024-25-06 05:02:00 |     Warning |  Test Log Message For : Warning
2024-25-06 05:02:00 | Information |  Test Log Message For : Information
2024-25-06 05:02:00 |       Debug |  Test Log Message For : Debug
2024-25-06 05:02:00 |     Verbose |  Test Log Message For : Verbose
2024-25-06 05:02:00 |       Trace |  Test Log Message For : Trace
2024-25-06 05:09:10 |       Force |  Test Log Message For : Force
2024-25-06 05:09:10 |        None |  Test Log Message For : Not Specified
2024-25-06 05:09:10 |       Force |  Test Log Message For : Force
2024-25-06 05:09:10 |        None |  Test Log Message For : None
2024-25-06 05:09:10 |        None |  Test Log Message For : Not Specified
2024-25-06 05:09:10 |       Force |  Test Log Message For : Force
2024-25-06 05:09:10 |        None |  Test Log Message For : None
2024-25-06 05:09:10 |    Critical |  Test Log Message For : Critical
2024-25-06 05:09:10 |        None |  Test Log Message For : Not Specified
2024-25-06 05:09:10 |       Force |  Test Log Message For : Force
2024-25-06 05:09:10 |        None |  Test Log Message For : None
2024-25-06 05:09:10 |    Critical |  Test Log Message For : Critical
2024-25-06 05:09:10 |       Error |  Test Log Message For : Error
2024-25-06 05:09:10 |        None |  Test Log Message For : Not Specified
2024-25-06 05:09:10 |       Force |  Test Log Message For : Force
2024-25-06 05:09:10 |        None |  Test Log Message For : None
2024-25-06 05:09:10 |    Critical |  Test Log Message For : Critical
2024-25-06 05:09:10 |       Error |  Test Log Message For : Error
2024-25-06 05:09:10 |     Warning |  Test Log Message For : Warning
2024-25-06 05:09:10 |        None |  Test Log Message For : Not Specified
2024-25-06 05:09:10 |       Force |  Test Log Message For : Force
2024-25-06 05:09:10 |        None |  Test Log Message For : None
2024-25-06 05:09:10 |    Critical |  Test Log Message For : Critical
2024-25-06 05:09:10 |       Error |  Test Log Message For : Error
2024-25-06 05:09:10 |     Warning |  Test Log Message For : Warning
2024-25-06 05:09:10 | Information |  Test Log Message For : Information
2024-25-06 05:09:10 |       Debug |  Test Log Message For : Debug
2024-25-06 05:09:10 |        None |  Test Log Message For : Not Specified
2024-25-06 05:09:10 |       Force |  Test Log Message For : Force
2024-25-06 05:09:10 |        None |  Test Log Message For : None
2024-25-06 05:09:10 |    Critical |  Test Log Message For : Critical
2024-25-06 05:09:10 |       Error |  Test Log Message For : Error
2024-25-06 05:09:10 |     Warning |  Test Log Message For : Warning
2024-25-06 05:09:10 | Information |  Test Log Message For : Information
2024-25-06 05:09:10 |       Debug |  Test Log Message For : Debug
2024-25-06 05:09:10 |     Verbose |  Test Log Message For : Verbose
2024-25-06 05:09:10 |        None |  Test Log Message For : Not Specified
2024-25-06 05:09:10 |       Force |  Test Log Message For : Force
2024-25-06 05:09:10 |        None |  Test Log Message For : None
2024-25-06 05:09:10 |    Critical |  Test Log Message For : Critical
2024-25-06 05:09:10 |       Error |  Test Log Message For : Error
2024-25-06 05:09:10 |     Warning |  Test Log Message For : Warning
2024-25-06 05:09:10 | Information |  Test Log Message For : Information
2024-25-06 05:09:10 |       Debug |  Test Log Message For : Debug
2024-25-06 05:09:10 |     Verbose |  Test Log Message For : Verbose
2024-25-06 05:09:10 |       Trace |  Test Log Message For : Trace
2024-25-06 05:09:50 |       Force |  Test Log Message For : Force
2024-25-06 05:09:51 |        None |  Test Log Message For : Not Specified
2024-25-06 05:09:51 |       Force |  Test Log Message For : Force
2024-25-06 05:09:51 |        None |  Test Log Message For : None
2024-25-06 05:09:51 |        None |  Test Log Message For : Not Specified
2024-25-06 05:09:51 |       Force |  Test Log Message For : Force
2024-25-06 05:09:51 |        None |  Test Log Message For : None
2024-25-06 05:09:51 |    Critical |  Test Log Message For : Critical
2024-25-06 05:09:51 |        None |  Test Log Message For : Not Specified
2024-25-06 05:09:51 |       Force |  Test Log Message For : Force
2024-25-06 05:09:51 |        None |  Test Log Message For : None
2024-25-06 05:09:51 |    Critical |  Test Log Message For : Critical
2024-25-06 05:09:51 |       Error |  Test Log Message For : Error
2024-25-06 05:09:51 |        None |  Test Log Message For : Not Specified
2024-25-06 05:09:51 |       Force |  Test Log Message For : Force
2024-25-06 05:09:51 |        None |  Test Log Message For : None
2024-25-06 05:09:51 |    Critical |  Test Log Message For : Critical
2024-25-06 05:09:51 |       Error |  Test Log Message For : Error
2024-25-06 05:09:51 |     Warning |  Test Log Message For : Warning
2024-25-06 05:09:51 |        None |  Test Log Message For : Not Specified
2024-25-06 05:09:51 |       Force |  Test Log Message For : Force
2024-25-06 05:09:51 |        None |  Test Log Message For : None
2024-25-06 05:09:51 |    Critical |  Test Log Message For : Critical
2024-25-06 05:09:51 |       Error |  Test Log Message For : Error
2024-25-06 05:09:51 |     Warning |  Test Log Message For : Warning
2024-25-06 05:09:51 | Information |  Test Log Message For : Information
2024-25-06 05:09:51 |        None |  Test Log Message For : Not Specified
2024-25-06 05:09:51 |       Force |  Test Log Message For : Force
2024-25-06 05:09:51 |        None |  Test Log Message For : None
2024-25-06 05:09:51 |    Critical |  Test Log Message For : Critical
2024-25-06 05:09:51 |       Error |  Test Log Message For : Error
2024-25-06 05:09:51 |     Warning |  Test Log Message For : Warning
2024-25-06 05:09:51 | Information |  Test Log Message For : Information
2024-25-06 05:09:51 |       Debug |  Test Log Message For : Debug
2024-25-06 05:09:51 |        None |  Test Log Message For : Not Specified
2024-25-06 05:09:51 |       Force |  Test Log Message For : Force
2024-25-06 05:09:51 |        None |  Test Log Message For : None
2024-25-06 05:09:51 |    Critical |  Test Log Message For : Critical
2024-25-06 05:09:51 |       Error |  Test Log Message For : Error
2024-25-06 05:09:51 |     Warning |  Test Log Message For : Warning
2024-25-06 05:09:51 | Information |  Test Log Message For : Information
2024-25-06 05:09:51 |       Debug |  Test Log Message For : Debug
2024-25-06 05:09:51 |     Verbose |  Test Log Message For : Verbose
2024-25-06 05:09:51 |        None |  Test Log Message For : Not Specified
2024-25-06 05:09:51 |       Force |  Test Log Message For : Force
2024-25-06 05:09:51 |        None |  Test Log Message For : None
2024-25-06 05:09:51 |    Critical |  Test Log Message For : Critical
2024-25-06 05:09:51 |       Error |  Test Log Message For : Error
2024-25-06 05:09:51 |     Warning |  Test Log Message For : Warning
2024-25-06 05:09:51 | Information |  Test Log Message For : Information
2024-25-06 05:09:51 |       Debug |  Test Log Message For : Debug
2024-25-06 05:09:51 |     Verbose |  Test Log Message For : Verbose
2024-25-06 05:09:51 |       Trace |  Test Log Message For : Trace
2024-25-06 05:11:02 |       Force |  Test Log Message For : Force
2024-25-06 05:11:02 |        None |  Test Log Message For : Not Specified
2024-25-06 05:11:02 |       Force |  Test Log Message For : Force
2024-25-06 05:11:02 |        None |  Test Log Message For : None
2024-25-06 05:11:02 |        None |  Test Log Message For : Not Specified
2024-25-06 05:11:02 |       Force |  Test Log Message For : Force
2024-25-06 05:11:02 |        None |  Test Log Message For : None
2024-25-06 05:11:02 |    Critical |  Test Log Message For : Critical
2024-25-06 05:11:02 |        None |  Test Log Message For : Not Specified
2024-25-06 05:11:02 |       Force |  Test Log Message For : Force
2024-25-06 05:11:02 |        None |  Test Log Message For : None
2024-25-06 05:11:02 |    Critical |  Test Log Message For : Critical
2024-25-06 05:11:02 |       Error |  Test Log Message For : Error
2024-25-06 05:11:02 |        None |  Test Log Message For : Not Specified
2024-25-06 05:11:02 |       Force |  Test Log Message For : Force
2024-25-06 05:11:02 |        None |  Test Log Message For : None
2024-25-06 05:11:02 |    Critical |  Test Log Message For : Critical
2024-25-06 05:11:02 |       Error |  Test Log Message For : Error
2024-25-06 05:11:02 |     Warning |  Test Log Message For : Warning
2024-25-06 05:11:02 |        None |  Test Log Message For : Not Specified
2024-25-06 05:11:02 |       Force |  Test Log Message For : Force
2024-25-06 05:11:02 |        None |  Test Log Message For : None
2024-25-06 05:11:02 |    Critical |  Test Log Message For : Critical
2024-25-06 05:11:02 |       Error |  Test Log Message For : Error
2024-25-06 05:11:02 |     Warning |  Test Log Message For : Warning
2024-25-06 05:11:02 | Information |  Test Log Message For : Information
2024-25-06 05:11:02 |        None |  Test Log Message For : Not Specified
2024-25-06 05:11:02 |       Force |  Test Log Message For : Force
2024-25-06 05:11:02 |        None |  Test Log Message For : None
2024-25-06 05:11:02 |    Critical |  Test Log Message For : Critical
2024-25-06 05:11:02 |       Error |  Test Log Message For : Error
2024-25-06 05:11:02 |     Warning |  Test Log Message For : Warning
2024-25-06 05:11:02 | Information |  Test Log Message For : Information
2024-25-06 05:11:02 |       Debug |  Test Log Message For : Debug
2024-25-06 05:11:02 |        None |  Test Log Message For : Not Specified
2024-25-06 05:11:02 |       Force |  Test Log Message For : Force
2024-25-06 05:11:02 |        None |  Test Log Message For : None
2024-25-06 05:11:02 |    Critical |  Test Log Message For : Critical
2024-25-06 05:11:02 |       Error |  Test Log Message For : Error
2024-25-06 05:11:02 |     Warning |  Test Log Message For : Warning
2024-25-06 05:11:02 | Information |  Test Log Message For : Information
2024-25-06 05:11:02 |       Debug |  Test Log Message For : Debug
2024-25-06 05:11:02 |     Verbose |  Test Log Message For : Verbose
2024-25-06 05:11:02 |        None |  Test Log Message For : Not Specified
2024-25-06 05:11:02 |       Force |  Test Log Message For : Force
2024-25-06 05:11:02 |        None |  Test Log Message For : None
2024-25-06 05:11:02 |    Critical |  Test Log Message For : Critical
2024-25-06 05:11:02 |       Error |  Test Log Message For : Error
2024-25-06 05:11:02 |     Warning |  Test Log Message For : Warning
2024-25-06 05:11:02 | Information |  Test Log Message For : Information
2024-25-06 05:11:02 |       Debug |  Test Log Message For : Debug
2024-25-06 05:11:02 |     Verbose |  Test Log Message For : Verbose
2024-25-06 05:11:02 |       Trace |  Test Log Message For : Trace
2024-25-06 05:33:53 |       Force |  Test Log Message For : Force
2024-25-06 05:33:53 |        None |  Test Log Message For : Not Specified
2024-25-06 05:33:53 |       Force |  Test Log Message For : Force
2024-25-06 05:33:53 |        None |  Test Log Message For : None
2024-25-06 05:33:53 |        None |  Test Log Message For : Not Specified
2024-25-06 05:33:53 |       Force |  Test Log Message For : Force
2024-25-06 05:33:53 |        None |  Test Log Message For : None
2024-25-06 05:33:53 |    Critical |  Test Log Message For : Critical
2024-25-06 05:33:53 |        None |  Test Log Message For : Not Specified
2024-25-06 05:33:53 |       Force |  Test Log Message For : Force
2024-25-06 05:33:53 |        None |  Test Log Message For : None
2024-25-06 05:33:53 |    Critical |  Test Log Message For : Critical
2024-25-06 05:33:53 |       Error |  Test Log Message For : Error
2024-25-06 05:33:53 |        None |  Test Log Message For : Not Specified
2024-25-06 05:33:53 |       Force |  Test Log Message For : Force
2024-25-06 05:33:53 |        None |  Test Log Message For : None
2024-25-06 05:33:53 |    Critical |  Test Log Message For : Critical
2024-25-06 05:33:53 |       Error |  Test Log Message For : Error
2024-25-06 05:33:53 |     Warning |  Test Log Message For : Warning
2024-25-06 05:33:53 |        None |  Test Log Message For : Not Specified
2024-25-06 05:33:53 |       Force |  Test Log Message For : Force
2024-25-06 05:33:53 |        None |  Test Log Message For : None
2024-25-06 05:33:53 |    Critical |  Test Log Message For : Critical
2024-25-06 05:33:53 |       Error |  Test Log Message For : Error
2024-25-06 05:33:53 |     Warning |  Test Log Message For : Warning
2024-25-06 05:33:53 | Information |  Test Log Message For : Information
2024-25-06 05:33:53 |        None |  Test Log Message For : Not Specified
2024-25-06 05:33:53 |       Force |  Test Log Message For : Force
2024-25-06 05:33:53 |        None |  Test Log Message For : None
2024-25-06 05:33:53 |    Critical |  Test Log Message For : Critical
2024-25-06 05:33:53 |       Error |  Test Log Message For : Error
2024-25-06 05:33:53 |     Warning |  Test Log Message For : Warning
2024-25-06 05:33:53 | Information |  Test Log Message For : Information
2024-25-06 05:33:53 |       Debug |  Test Log Message For : Debug
2024-25-06 05:33:53 |        None |  Test Log Message For : Not Specified
2024-25-06 05:33:53 |       Force |  Test Log Message For : Force
2024-25-06 05:33:53 |        None |  Test Log Message For : None
2024-25-06 05:33:53 |    Critical |  Test Log Message For : Critical
2024-25-06 05:33:53 |       Error |  Test Log Message For : Error
2024-25-06 05:33:53 |     Warning |  Test Log Message For : Warning
2024-25-06 05:33:53 | Information |  Test Log Message For : Information
2024-25-06 05:33:53 |       Debug |  Test Log Message For : Debug
2024-25-06 05:33:53 |     Verbose |  Test Log Message For : Verbose
2024-25-06 05:33:53 |        None |  Test Log Message For : Not Specified
2024-25-06 05:33:53 |       Force |  Test Log Message For : Force
2024-25-06 05:33:53 |        None |  Test Log Message For : None
2024-25-06 05:33:53 |    Critical |  Test Log Message For : Critical
2024-25-06 05:33:53 |       Error |  Test Log Message For : Error
2024-25-06 05:33:53 |     Warning |  Test Log Message For : Warning
2024-25-06 05:33:53 | Information |  Test Log Message For : Information
2024-25-06 05:33:53 |       Debug |  Test Log Message For : Debug
2024-25-06 05:33:53 |     Verbose |  Test Log Message For : Verbose
2024-25-06 05:33:53 |       Trace |  Test Log Message For : Trace
2024-25-06 05:33:53 |       Trace |  Test Log Message For : Trace
2024-25-06 05:33:53 |       Trace |  Test Log Message For : Trace
2024-25-06 05:34:21 |       Force |  Test Log Message For : Force
2024-25-06 05:34:22 |        None |  Test Log Message For : Not Specified
2024-25-06 05:34:22 |       Force |  Test Log Message For : Force
2024-25-06 05:34:22 |        None |  Test Log Message For : None
2024-25-06 05:34:22 |        None |  Test Log Message For : Not Specified
2024-25-06 05:34:22 |       Force |  Test Log Message For : Force
2024-25-06 05:34:22 |        None |  Test Log Message For : None
2024-25-06 05:34:22 |    Critical |  Test Log Message For : Critical
2024-25-06 05:34:22 |        None |  Test Log Message For : Not Specified
2024-25-06 05:34:22 |       Force |  Test Log Message For : Force
2024-25-06 05:34:22 |        None |  Test Log Message For : None
2024-25-06 05:34:22 |    Critical |  Test Log Message For : Critical
2024-25-06 05:34:22 |       Error |  Test Log Message For : Error
2024-25-06 05:34:22 |        None |  Test Log Message For : Not Specified
2024-25-06 05:34:22 |       Force |  Test Log Message For : Force
2024-25-06 05:34:22 |        None |  Test Log Message For : None
2024-25-06 05:34:22 |    Critical |  Test Log Message For : Critical
2024-25-06 05:34:22 |       Error |  Test Log Message For : Error
2024-25-06 05:34:22 |     Warning |  Test Log Message For : Warning
2024-25-06 05:34:22 |        None |  Test Log Message For : Not Specified
2024-25-06 05:34:22 |       Force |  Test Log Message For : Force
2024-25-06 05:34:22 |        None |  Test Log Message For : None
2024-25-06 05:34:22 |    Critical |  Test Log Message For : Critical
2024-25-06 05:34:22 |       Error |  Test Log Message For : Error
2024-25-06 05:34:22 |     Warning |  Test Log Message For : Warning
2024-25-06 05:34:22 | Information |  Test Log Message For : Information
2024-25-06 05:34:22 |        None |  Test Log Message For : Not Specified
2024-25-06 05:34:22 |       Force |  Test Log Message For : Force
2024-25-06 05:34:22 |        None |  Test Log Message For : None
2024-25-06 05:34:22 |    Critical |  Test Log Message For : Critical
2024-25-06 05:34:22 |       Error |  Test Log Message For : Error
2024-25-06 05:34:22 |     Warning |  Test Log Message For : Warning
2024-25-06 05:34:22 | Information |  Test Log Message For : Information
2024-25-06 05:34:22 |       Debug |  Test Log Message For : Debug
2024-25-06 05:34:22 |        None |  Test Log Message For : Not Specified
2024-25-06 05:34:22 |       Force |  Test Log Message For : Force
2024-25-06 05:34:22 |        None |  Test Log Message For : None
2024-25-06 05:34:22 |    Critical |  Test Log Message For : Critical
2024-25-06 05:34:22 |       Error |  Test Log Message For : Error
2024-25-06 05:34:22 |     Warning |  Test Log Message For : Warning
2024-25-06 05:34:22 | Information |  Test Log Message For : Information
2024-25-06 05:34:22 |       Debug |  Test Log Message For : Debug
2024-25-06 05:34:22 |     Verbose |  Test Log Message For : Verbose
2024-25-06 05:34:22 |        None |  Test Log Message For : Not Specified
2024-25-06 05:34:22 |       Force |  Test Log Message For : Force
2024-25-06 05:34:22 |        None |  Test Log Message For : None
2024-25-06 05:34:22 |    Critical |  Test Log Message For : Critical
2024-25-06 05:34:22 |       Error |  Test Log Message For : Error
2024-25-06 05:34:22 |     Warning |  Test Log Message For : Warning
2024-25-06 05:34:22 | Information |  Test Log Message For : Information
2024-25-06 05:34:22 |       Debug |  Test Log Message For : Debug
2024-25-06 05:34:22 |     Verbose |  Test Log Message For : Verbose
2024-25-06 05:34:22 |       Trace |  Test Log Message For : Trace
2024-25-06 05:34:22 |       Trace |  Test Log Message For : Trace
2024-25-06 05:34:22 |       Trace |  Test Log Message For : Trace
2024-25-06 05:34:46 |       Force |  Test Log Message For : Force
2024-25-06 05:34:46 |        None |  Test Log Message For : Not Specified
2024-25-06 05:34:46 |       Force |  Test Log Message For : Force
2024-25-06 05:34:46 |        None |  Test Log Message For : None
2024-25-06 05:34:46 |        None |  Test Log Message For : Not Specified
2024-25-06 05:34:46 |       Force |  Test Log Message For : Force
2024-25-06 05:34:46 |        None |  Test Log Message For : None
2024-25-06 05:34:46 |    Critical |  Test Log Message For : Critical
2024-25-06 05:34:46 |        None |  Test Log Message For : Not Specified
2024-25-06 05:34:46 |       Force |  Test Log Message For : Force
2024-25-06 05:34:46 |        None |  Test Log Message For : None
2024-25-06 05:34:46 |    Critical |  Test Log Message For : Critical
2024-25-06 05:34:46 |       Error |  Test Log Message For : Error
2024-25-06 05:34:46 |        None |  Test Log Message For : Not Specified
2024-25-06 05:34:46 |       Force |  Test Log Message For : Force
2024-25-06 05:34:46 |        None |  Test Log Message For : None
2024-25-06 05:34:46 |    Critical |  Test Log Message For : Critical
2024-25-06 05:34:46 |       Error |  Test Log Message For : Error
2024-25-06 05:34:46 |     Warning |  Test Log Message For : Warning
2024-25-06 05:34:46 |        None |  Test Log Message For : Not Specified
2024-25-06 05:34:46 |       Force |  Test Log Message For : Force
2024-25-06 05:34:46 |        None |  Test Log Message For : None
2024-25-06 05:34:46 |    Critical |  Test Log Message For : Critical
2024-25-06 05:34:46 |       Error |  Test Log Message For : Error
2024-25-06 05:34:46 |     Warning |  Test Log Message For : Warning
2024-25-06 05:34:46 | Information |  Test Log Message For : Information
2024-25-06 05:34:46 |        None |  Test Log Message For : Not Specified
2024-25-06 05:34:46 |       Force |  Test Log Message For : Force
2024-25-06 05:34:46 |        None |  Test Log Message For : None
2024-25-06 05:34:46 |    Critical |  Test Log Message For : Critical
2024-25-06 05:34:46 |       Error |  Test Log Message For : Error
2024-25-06 05:34:46 |     Warning |  Test Log Message For : Warning
2024-25-06 05:34:47 | Information |  Test Log Message For : Information
2024-25-06 05:34:47 |       Debug |  Test Log Message For : Debug
2024-25-06 05:34:47 |        None |  Test Log Message For : Not Specified
2024-25-06 05:34:47 |       Force |  Test Log Message For : Force
2024-25-06 05:34:47 |        None |  Test Log Message For : None
2024-25-06 05:34:47 |    Critical |  Test Log Message For : Critical
2024-25-06 05:34:47 |       Error |  Test Log Message For : Error
2024-25-06 05:34:47 |     Warning |  Test Log Message For : Warning
2024-25-06 05:34:47 | Information |  Test Log Message For : Information
2024-25-06 05:34:47 |       Debug |  Test Log Message For : Debug
2024-25-06 05:34:47 |     Verbose |  Test Log Message For : Verbose
2024-25-06 05:34:47 |        None |  Test Log Message For : Not Specified
2024-25-06 05:34:47 |       Force |  Test Log Message For : Force
2024-25-06 05:34:47 |        None |  Test Log Message For : None
2024-25-06 05:34:47 |    Critical |  Test Log Message For : Critical
2024-25-06 05:34:47 |       Error |  Test Log Message For : Error
2024-25-06 05:34:47 |     Warning |  Test Log Message For : Warning
2024-25-06 05:34:47 | Information |  Test Log Message For : Information
2024-25-06 05:34:47 |       Debug |  Test Log Message For : Debug
2024-25-06 05:34:47 |     Verbose |  Test Log Message For : Verbose
2024-25-06 05:34:47 |       Trace |  Test Log Message For : Trace
2024-25-06 05:34:47 |       Trace |  Test Log Message For : Trace
2024-25-06 05:34:47 |       Trace |  Test Log Message For : Trace
 Test Log Message For : Trace
2024-25-06 05:36:26 |       Force |  Test Log Message For : Force
2024-25-06 05:36:26 |        None |  Test Log Message For : Not Specified
2024-25-06 05:36:26 |       Force |  Test Log Message For : Force
2024-25-06 05:36:26 |        None |  Test Log Message For : None
2024-25-06 05:36:26 |        None |  Test Log Message For : Not Specified
2024-25-06 05:36:26 |       Force |  Test Log Message For : Force
2024-25-06 05:36:26 |        None |  Test Log Message For : None
2024-25-06 05:36:26 |    Critical |  Test Log Message For : Critical
2024-25-06 05:36:26 |        None |  Test Log Message For : Not Specified
2024-25-06 05:36:26 |       Force |  Test Log Message For : Force
2024-25-06 05:36:26 |        None |  Test Log Message For : None
2024-25-06 05:36:26 |    Critical |  Test Log Message For : Critical
2024-25-06 05:36:26 |       Error |  Test Log Message For : Error
2024-25-06 05:36:26 |        None |  Test Log Message For : Not Specified
2024-25-06 05:36:26 |       Force |  Test Log Message For : Force
2024-25-06 05:36:26 |        None |  Test Log Message For : None
2024-25-06 05:36:26 |    Critical |  Test Log Message For : Critical
2024-25-06 05:36:26 |       Error |  Test Log Message For : Error
2024-25-06 05:36:26 |     Warning |  Test Log Message For : Warning
2024-25-06 05:36:26 |        None |  Test Log Message For : Not Specified
2024-25-06 05:36:26 |       Force |  Test Log Message For : Force
2024-25-06 05:36:26 |        None |  Test Log Message For : None
2024-25-06 05:36:26 |    Critical |  Test Log Message For : Critical
2024-25-06 05:36:26 |       Error |  Test Log Message For : Error
2024-25-06 05:36:26 |     Warning |  Test Log Message For : Warning
2024-25-06 05:36:26 | Information |  Test Log Message For : Information
2024-25-06 05:36:26 |        None |  Test Log Message For : Not Specified
2024-25-06 05:36:26 |       Force |  Test Log Message For : Force
2024-25-06 05:36:26 |        None |  Test Log Message For : None
2024-25-06 05:36:26 |    Critical |  Test Log Message For : Critical
2024-25-06 05:36:26 |       Error |  Test Log Message For : Error
2024-25-06 05:36:26 |     Warning |  Test Log Message For : Warning
2024-25-06 05:36:26 | Information |  Test Log Message For : Information
2024-25-06 05:36:26 |       Debug |  Test Log Message For : Debug
2024-25-06 05:36:26 |        None |  Test Log Message For : Not Specified
2024-25-06 05:36:26 |       Force |  Test Log Message For : Force
2024-25-06 05:36:26 |        None |  Test Log Message For : None
2024-25-06 05:36:26 |    Critical |  Test Log Message For : Critical
2024-25-06 05:36:26 |       Error |  Test Log Message For : Error
2024-25-06 05:36:26 |     Warning |  Test Log Message For : Warning
2024-25-06 05:36:26 | Information |  Test Log Message For : Information
2024-25-06 05:36:26 |       Debug |  Test Log Message For : Debug
2024-25-06 05:36:26 |     Verbose |  Test Log Message For : Verbose
2024-25-06 05:36:26 |        None |  Test Log Message For : Not Specified
2024-25-06 05:36:26 |       Force |  Test Log Message For : Force
2024-25-06 05:36:26 |        None |  Test Log Message For : None
2024-25-06 05:36:26 |    Critical |  Test Log Message For : Critical
2024-25-06 05:36:26 |       Error |  Test Log Message For : Error
2024-25-06 05:36:26 |     Warning |  Test Log Message For : Warning
2024-25-06 05:36:26 | Information |  Test Log Message For : Information
2024-25-06 05:36:26 |       Debug |  Test Log Message For : Debug
2024-25-06 05:36:26 |     Verbose |  Test Log Message For : Verbose
2024-25-06 05:36:26 |       Trace |  Test Log Message For : Trace
2024-25-06 05:36:26 |       Trace |  Test Log Message For : Trace
2024-25-06 05:36:26 |       Trace |  Test Log Message For : Trace
 Test Log Message For : Trace
