2024-08-08 03:28:04 | Information | **************************************************
2024-08-08 03:28:04 |       Force | ******************** Starting ********************
2024-08-08 03:28:04 | Information | **************************************************
2024-08-08 03:28:04 |       Force | Writing to log file  :
	Path:  C:\Engagements\JesseMcWilliams\CyberArk_PAS_Scripts\PowerShell\Windows Services\Logs\2024-08-08_Logger.log
2024-08-08 03:28:04 |       Force | Current Logging Level:  Trace
2024-08-08 03:28:04 | Information | Analyzing the input file(s).
2024-08-08 03:28:04 |       Force |         Input File   :  Input_File_01.csv
2024-08-08 03:28:04 | Information |     File Name Only   :  Input_File_01
2024-08-08 03:28:04 | Information |     File Extension   :  .csv
2024-08-08 03:28:04 | Information | Fully Qualified Path :  C:\Engagements\JesseMcWilliams\CyberArk_PAS_Scripts\PowerShell\Windows Services\Input_File_01.csv
2024-08-08 03:28:04 | Information |          File Size   :  626.00KB
2024-08-08 03:28:04 | Information |       Rows Imported  :  3
2024-08-08 03:28:04 | Information | Total Rows Imported  :  3
2024-08-08 03:28:04 | Information | Sorted & Unique Rows :  3
2024-08-08 03:28:04 | Information | Admin Creds Needed   :  1
2024-08-08 03:28:04 | Information | Service Creds Needed :  3
2024-08-08 03:28:04 | Information | Authenticating to the PVWA.
2024-08-08 03:28:04 |       Debug | Requested Authentication Method:  PKI
2024-08-08 03:28:04 |       Debug | New URI Created:  https://vault.bannermen.com/
2024-08-08 03:28:05 |       Debug | Saving psPAS session.
2024-08-08 03:28:05 |       Debug | Clearing cookies from psPAS session.
2024-08-08 03:28:05 | Information | Getting server admin Account(s).
2024-08-08 03:28:05 | Information | Getting Account Information:  AAA_Local_Test_Accounts_03/SVC_ADM_SRV_01/192.168.184.132
2024-08-08 03:28:06 | Information | 1 Account Found!.  Safe (AAA_Local_Test_Accounts_03) : Address (192.168.184.132) : Username (SVC_ADM_SRV_01)
2024-08-08 03:28:06 |     Verbose | Retrieving Credential for Account (AAA_Local_Test_Accounts_03/SVC_ADM_SRV_01/192.168.184.132) : ID (26_3))
2024-08-08 03:28:07 | Information | Admin Credentials Retrieved (1).
2024-08-08 03:28:07 | Information | Jobs Created. Count:  1
2024-08-08 03:28:07 | Information | Submitting Jobs.
2024-08-08 03:28:07 | Information | Submitted Jobs.  Waiting
2024-08-08 03:28:07 | Information | Jobs Completed.
2024-08-08 03:28:07 | Information | Job (1) Name (Vault) Started at ()
2024-08-08 03:28:07 | 00000001 |                    Vault | Connecting to host (Vault.Bannermen.com).
2024-08-08 03:28:07 | 00000001 |                    Vault | Connection FAILED to host (Vault.Bannermen.com).

2024-08-08 03:28:07 | Information | Job Queue.
